<?xml version="1.0" encoding="UTF-8"?>
<!-- Generated by org.testng.reporters.JUnitReportReporter -->
<testsuite hostname="DESKTOP-LIHFU2U" failures="0" tests="1" name="com.Android.Appium_1.base" time="9.292" errors="0" timestamp="2025-01-06T15:38:06 EST" skipped="0">
  <testcase classname="com.Android.Appium_1.base" name="configureAppium" time="9.292"/>
</testsuite> <!-- com.Android.Appium_1.base -->
