<?xml version="1.0" encoding="UTF-8"?>
<!-- Generated by org.testng.reporters.JUnitReportReporter -->
<testsuite hostname="DESKTOP-LIHFU2U" failures="0" tests="1" name="com.Android.Appium_1.GitBranchingTest" time="0.006" errors="0" timestamp="2025-02-04T20:32:04 EST" skipped="0">
  <testcase classname="com.Android.Appium_1.GitBranchingTest" name="demo" time="0.006"/>
</testsuite> <!-- com.Android.Appium_1.GitBranchingTest -->
