<?xml version="1.0" encoding="UTF-8"?>
<!-- Generated by org.testng.reporters.JUnitReportReporter -->
<testsuite hostname="DESKTOP-LIHFU2U" failures="0" tests="1" name="com.Android.Appium_1.hybridTest" time="53.500" errors="0" timestamp="2025-01-08T19:57:04 EST" skipped="0">
  <testcase classname="com.Android.Appium_1.hybridTest" name="doHybrid" time="53.500"/>
</testsuite> <!-- com.Android.Appium_1.hybridTest -->
