<?xml version="1.0" encoding="UTF-8"?>
<!-- Generated by org.testng.reporters.JUnitReportReporter -->
<testsuite hostname="DESKTOP-LIHFU2U" failures="0" tests="1" name="com.Android.Appium_1.scrollDemoTest" time="5.793" errors="0" timestamp="2025-01-06T22:31:14 EST" skipped="0">
  <testcase classname="com.Android.Appium_1.scrollDemoTest" name="scrollTest" time="5.793"/>
</testsuite> <!-- com.Android.Appium_1.scrollDemoTest -->
