<?xml version="1.0" encoding="UTF-8"?>
<!-- Generated by org.testng.reporters.JUnitReportReporter -->
<testsuite hostname="DESKTOP-LIHFU2U" failures="0" tests="2" name="com.Android.Appium_1.generalStoreTest" time="13.988" errors="0" timestamp="2025-01-07T19:59:33 EST" skipped="1">
  <testcase classname="com.Android.Appium_1.generalStoreTest" name="toastMessage" time="13.988"/>
  <testcase classname="com.Android.Appium_1.generalStoreTest" name="dropDownTest">
    <skipped/>
  </testcase> <!-- dropDownTest -->
</testsuite> <!-- com.Android.Appium_1.generalStoreTest -->
