<?xml version="1.0" encoding="UTF-8"?>
<!-- Generated by org.testng.reporters.JUnitReportReporter -->
<testsuite hostname="DESKTOP-LIHFU2U" failures="0" tests="1" name="com.Android.Appium_1.longPress" time="9.979" errors="0" timestamp="2025-01-06T19:47:02 EST" skipped="0">
  <testcase classname="com.Android.Appium_1.longPress" name="longPressTest" time="9.979"/>
</testsuite> <!-- com.Android.Appium_1.longPress -->
