<?xml version="1.0" encoding="UTF-8"?>
<!-- Generated by org.testng.reporters.JUnitReportReporter -->
<testsuite hostname="DESKTOP-LIHFU2U" failures="0" tests="1" name="com.Android.Appium_1.setWifi" time="11.607" errors="0" timestamp="2025-01-06T16:59:36 EST" skipped="0">
  <testcase classname="com.Android.Appium_1.setWifi" name="setWifiTest" time="11.607"/>
</testsuite> <!-- com.Android.Appium_1.setWifi -->
