<?xml version="1.0" encoding="UTF-8"?>
<!-- Generated by org.testng.reporters.JUnitReportReporter -->
<testsuite hostname="DESKTOP-LIHFU2U" failures="0" tests="1" name="com.Android.Appium_1.swipe" time="9.578" errors="0" timestamp="2025-01-07T11:55:56 EST" skipped="0">
  <testcase classname="com.Android.Appium_1.swipe" name="swipeTest" time="9.578"/>
</testsuite> <!-- com.Android.Appium_1.swipe -->
